optseq2
$Id: optseq2.c,v 2.14 2008/03/10 13:35:23 nicks Exp $
NoSearch  = 0
nSearch  = 500000
nKeep    = 6
PctUpdate  = 10.000000
nCB1Opt  = 0
seed     = 439719
Ntp  = 110
TR   = 2
TPreScan   = -6
PSD Window   = 0 20 0.5
nEvTypes = 2
EvNo    Label Duration nRepsNom
 1        WIN  6.000   13
 2       LOSS  6.000   13
PctVarEvReps = 0
VarEvRepsPerCond = 0
PolyOrder = -1
tNullMax = 3.5
tNullMin = 1.5
AR1 = 0
No refractory penalty
Cost = eff
OutStem = /dfs2/yassalab/rjirsara/ConteCenter/ConteCenterScripts/fMRItasks/Conte-Two/JitterOutput/Doors
Summary File = /dfs2/yassalab/rjirsara/ConteCenter/ConteCenterScripts/fMRItasks/Conte-Two/JitterOutput/Doors.sum

Pct nSrch MinSrch Cost Eff Cb1Err VRFAvg VRFStd VRFMin VRFMax VRFRange nSince

BeginUpdateLog
 0       1     0.0   0.00799137  0.00799137  0.1154  0.527755  0.364604  0.0911048  1.65598  1.56488 1664.08 0
 0      14     0.0   0.01144  0.01144  0.0769  0.573433  0.270771  0.199919  1.16693  0.967014 1671.9 0
 0      14     0.0   0.01144  0.01144  0.0769  0.573433  0.270771  0.199919  1.16693  0.967014 1671.9 0
 0      15     0.0   0.01144  0.01144  0.0769  0.573433  0.270771  0.199919  1.16693  0.967014 1671.9 0
 0      15     0.0   0.01144  0.01144  0.0769  0.573433  0.270771  0.199919  1.16693  0.967014 1671.9 0
 0      16     0.0   0.01144  0.01144  0.0769  0.573433  0.270771  0.199919  1.16693  0.967014 1671.9 0
 0      16     0.0   0.01144  0.01144  0.0769  0.573433  0.270771  0.199919  1.16693  0.967014 1671.9 0
 0      32     0.0   0.01144  0.01144  0.0769  0.573433  0.270771  0.199919  1.16693  0.967014 1671.9 7
 0      32     0.0   0.01144  0.01144  0.0769  0.573433  0.270771  0.199919  1.16693  0.967014 1671.9 0
 0      40     0.0   0.01144  0.01144  0.0769  0.573433  0.270771  0.199919  1.16693  0.967014 1671.9 1
 0      40     0.0   0.0142215  0.0142215  0.0769  0.632228  0.215442  0.334206  1.06771  0.733508 1659.61 0
 0      48     0.0   0.0142215  0.0142215  0.0769  0.632228  0.215442  0.334206  1.06771  0.733508 1659.61 3
 0      48     0.0   0.0142215  0.0142215  0.0769  0.632228  0.215442  0.334206  1.06771  0.733508 1659.61 0
 0      63     0.0   0.0142215  0.0142215  0.0769  0.632228  0.215442  0.334206  1.06771  0.733508 1659.61 5
 0      63     0.0   0.0142215  0.0142215  0.0769  0.632228  0.215442  0.334206  1.06771  0.733508 1659.61 0
 0      76     0.0   0.0142215  0.0142215  0.0769  0.632228  0.215442  0.334206  1.06771  0.733508 1659.61 6
 0      76     0.0   0.0142215  0.0142215  0.0769  0.632228  0.215442  0.334206  1.06771  0.733508 1659.61 0
 0      77     0.0   0.0142215  0.0142215  0.0769  0.632228  0.215442  0.334206  1.06771  0.733508 1659.61 0
 0      77     0.0   0.0142215  0.0142215  0.0769  0.632228  0.215442  0.334206  1.06771  0.733508 1659.61 0
 0      92     0.0   0.0142215  0.0142215  0.0769  0.632228  0.215442  0.334206  1.06771  0.733508 1659.61 3
 0      92     0.0   0.0142215  0.0142215  0.0769  0.632228  0.215442  0.334206  1.06771  0.733508 1659.61 0
 0     101     0.0   0.0142215  0.0142215  0.0769  0.632228  0.215442  0.334206  1.06771  0.733508 1659.61 5
 0     101     0.0   0.0142215  0.0142215  0.0769  0.632228  0.215442  0.334206  1.06771  0.733508 1659.61 0
 0     107     0.0   0.0142215  0.0142215  0.0769  0.632228  0.215442  0.334206  1.06771  0.733508 1659.61 1
 0     107     0.0   0.0142215  0.0142215  0.0769  0.632228  0.215442  0.334206  1.06771  0.733508 1659.61 0
 0     215     0.0   0.0142215  0.0142215  0.0769  0.632228  0.215442  0.334206  1.06771  0.733508 1659.61 44
 0     215     0.0   0.0142215  0.0142215  0.0769  0.632228  0.215442  0.334206  1.06771  0.733508 1659.61 0
 0     236     0.0   0.0142215  0.0142215  0.0769  0.632228  0.215442  0.334206  1.06771  0.733508 1659.61 5
 0     236     0.0   0.0142215  0.0142215  0.0769  0.632228  0.215442  0.334206  1.06771  0.733508 1659.61 0
 0     238     0.0   0.0142215  0.0142215  0.0769  0.632228  0.215442  0.334206  1.06771  0.733508 1659.61 1
 0     238     0.0   0.0142215  0.0142215  0.0769  0.632228  0.215442  0.334206  1.06771  0.733508 1659.61 0
 0     242     0.0   0.0142215  0.0142215  0.0769  0.632228  0.215442  0.334206  1.06771  0.733508 1659.61 1
 0     242     0.0   0.0142215  0.0142215  0.0769  0.632228  0.215442  0.334206  1.06771  0.733508 1659.61 0
 0     244     0.0   0.0142215  0.0142215  0.0769  0.632228  0.215442  0.334206  1.06771  0.733508 1659.61 1
 0     244     0.0   0.0142215  0.0142215  0.0769  0.632228  0.215442  0.334206  1.06771  0.733508 1659.61 0
 0     273     0.0   0.0142215  0.0142215  0.0769  0.632228  0.215442  0.334206  1.06771  0.733508 1659.61 8
 0     273     0.0   0.0142215  0.0142215  0.0769  0.632228  0.215442  0.334206  1.06771  0.733508 1659.61 0
 0     276     0.0   0.0142215  0.0142215  0.0769  0.632228  0.215442  0.334206  1.06771  0.733508 1659.61 1
 0     276     0.0   0.0142215  0.0142215  0.0769  0.632228  0.215442  0.334206  1.06771  0.733508 1659.61 0
 0     301     0.0   0.0142215  0.0142215  0.0769  0.632228  0.215442  0.334206  1.06771  0.733508 1659.61 9
 0     301     0.0   0.0167344  0.0167344  0.0769  0.726318  0.229178  0.432304  1.57237  1.14007 1650.32 0
 0     321     0.0   0.0167344  0.0167344  0.0769  0.726318  0.229178  0.432304  1.57237  1.14007 1650.32 8
 0     321     0.0   0.0167344  0.0167344  0.0769  0.726318  0.229178  0.432304  1.57237  1.14007 1650.32 0
 0     436     0.0   0.0167344  0.0167344  0.0769  0.726318  0.229178  0.432304  1.57237  1.14007 1650.32 35
 0     436     0.0   0.0167344  0.0167344  0.0769  0.726318  0.229178  0.432304  1.57237  1.14007 1650.32 0
 0     535     0.0   0.0167344  0.0167344  0.0769  0.726318  0.229178  0.432304  1.57237  1.14007 1650.32 31
 0     535     0.0   0.0167344  0.0167344  0.0769  0.726318  0.229178  0.432304  1.57237  1.14007 1650.32 0
 0     552     0.0   0.0167344  0.0167344  0.0769  0.726318  0.229178  0.432304  1.57237  1.14007 1650.32 6
 0     552     0.0   0.0167344  0.0167344  0.0769  0.726318  0.229178  0.432304  1.57237  1.14007 1650.32 0
 0     588     0.0   0.0167344  0.0167344  0.0769  0.726318  0.229178  0.432304  1.57237  1.14007 1650.32 16
 0     588     0.0   0.0167344  0.0167344  0.0769  0.726318  0.229178  0.432304  1.57237  1.14007 1650.32 0
 0     711     0.1   0.0167344  0.0167344  0.0769  0.726318  0.229178  0.432304  1.57237  1.14007 1650.32 44
 0     711     0.1   0.0167344  0.0167344  0.0769  0.726318  0.229178  0.432304  1.57237  1.14007 1650.32 0
 0     713     0.1   0.0167344  0.0167344  0.0769  0.726318  0.229178  0.432304  1.57237  1.14007 1650.32 0
 0     713     0.1   0.0167344  0.0167344  0.0769  0.726318  0.229178  0.432304  1.57237  1.14007 1650.32 0
 0     823     0.1   0.0167344  0.0167344  0.0769  0.726318  0.229178  0.432304  1.57237  1.14007 1650.32 33
 0     823     0.1   0.0167344  0.0167344  0.0769  0.726318  0.229178  0.432304  1.57237  1.14007 1650.32 0
 0    1209     0.1   0.0167344  0.0167344  0.0769  0.726318  0.229178  0.432304  1.57237  1.14007 1650.32 157
 0    1209     0.1   0.0167344  0.0167344  0.0769  0.726318  0.229178  0.432304  1.57237  1.14007 1650.32 0
 0    1382     0.1   0.0167344  0.0167344  0.0769  0.726318  0.229178  0.432304  1.57237  1.14007 1650.32 67
 0    1382     0.1   0.0167344  0.0167344  0.0769  0.726318  0.229178  0.432304  1.57237  1.14007 1650.32 0
 0    1466     0.1   0.0167344  0.0167344  0.0769  0.726318  0.229178  0.432304  1.57237  1.14007 1650.32 34
 0    1466     0.1   0.0167344  0.0167344  0.0769  0.726318  0.229178  0.432304  1.57237  1.14007 1650.32 0
 0    2181     0.1   0.0167344  0.0167344  0.0769  0.726318  0.229178  0.432304  1.57237  1.14007 1650.32 276
 0    2181     0.1   0.0167344  0.0167344  0.0769  0.726318  0.229178  0.432304  1.57237  1.14007 1650.32 0
 0    3038     0.2   0.0167344  0.0167344  0.0769  0.726318  0.229178  0.432304  1.57237  1.14007 1650.32 319
 0    3038     0.2   0.0167344  0.0167344  0.0769  0.726318  0.229178  0.432304  1.57237  1.14007 1650.32 0
 0    3170     0.2   0.0167344  0.0167344  0.0769  0.726318  0.229178  0.432304  1.57237  1.14007 1650.32 50
 0    3170     0.2   0.0167344  0.0167344  0.0769  0.726318  0.229178  0.432304  1.57237  1.14007 1650.32 0
 0    3739     0.2   0.0167344  0.0167344  0.0769  0.726318  0.229178  0.432304  1.57237  1.14007 1650.32 221
 0    3739     0.2   0.0167344  0.0167344  0.0769  0.726318  0.229178  0.432304  1.57237  1.14007 1650.32 0
 0    4940     0.3   0.0167344  0.0167344  0.0769  0.726318  0.229178  0.432304  1.57237  1.14007 1650.32 463
 0    4940     0.3   0.0167344  0.0167344  0.0769  0.726318  0.229178  0.432304  1.57237  1.14007 1650.32 0
 1    5627     0.4   0.0167344  0.0167344  0.0769  0.726318  0.229178  0.432304  1.57237  1.14007 1650.32 253
 1    5627     0.4   0.0178354  0.0178354  0.1154  0.765894  0.208929  0.395961  1.43948  1.04352 1672.22 0
 1    5684     0.4   0.0178354  0.0178354  0.1154  0.765894  0.208929  0.395961  1.43948  1.04352 1672.22 25
 1    5684     0.4   0.0178354  0.0178354  0.1154  0.765894  0.208929  0.395961  1.43948  1.04352 1672.22 0
 1    6466     0.4   0.0178354  0.0178354  0.1154  0.765894  0.208929  0.395961  1.43948  1.04352 1672.22 302
 1    6466     0.4   0.0178354  0.0178354  0.1154  0.765894  0.208929  0.395961  1.43948  1.04352 1672.22 0
 1    7714     0.5   0.0178354  0.0178354  0.1154  0.765894  0.208929  0.395961  1.43948  1.04352 1672.22 460
 1    7714     0.5   0.0178354  0.0178354  0.1154  0.765894  0.208929  0.395961  1.43948  1.04352 1672.22 0
 1    7849     0.5   0.0178354  0.0178354  0.1154  0.765894  0.208929  0.395961  1.43948  1.04352 1672.22 51
 1    7849     0.5   0.0178354  0.0178354  0.1154  0.765894  0.208929  0.395961  1.43948  1.04352 1672.22 0
 1    8366     0.5   0.0178354  0.0178354  0.1154  0.765894  0.208929  0.395961  1.43948  1.04352 1672.22 196
 1    8366     0.5   0.0178354  0.0178354  0.1154  0.765894  0.208929  0.395961  1.43948  1.04352 1672.22 0
 2   11645     0.8   0.0178354  0.0178354  0.1154  0.765894  0.208929  0.395961  1.43948  1.04352 1672.22 1241
 2   11645     0.8   0.0191447  0.0191447  0.1154  0.895917  0.35275  0.341504  1.72836  1.38685 1641.96 0
 2   13764     0.9   0.0191447  0.0191447  0.1154  0.895917  0.35275  0.341504  1.72836  1.38685 1641.96 822
 2   13764     0.9   0.0191447  0.0191447  0.1154  0.895917  0.35275  0.341504  1.72836  1.38685 1641.96 0
 3   16065     1.0   0.0191447  0.0191447  0.1154  0.895917  0.35275  0.341504  1.72836  1.38685 1641.96 861
 3   16065     1.0   0.0191447  0.0191447  0.1154  0.895917  0.35275  0.341504  1.72836  1.38685 1641.96 0
 3   18663     1.2   0.0191447  0.0191447  0.1154  0.895917  0.35275  0.341504  1.72836  1.38685 1641.96 972
 3   18663     1.2   0.0191447  0.0191447  0.1154  0.895917  0.35275  0.341504  1.72836  1.38685 1641.96 0
 4   20122     1.3   0.0191447  0.0191447  0.1154  0.895917  0.35275  0.341504  1.72836  1.38685 1641.96 572
 4   20122     1.3   0.0191447  0.0191447  0.1154  0.895917  0.35275  0.341504  1.72836  1.38685 1641.96 0
 4   20682     1.3   0.0191447  0.0191447  0.1154  0.895917  0.35275  0.341504  1.72836  1.38685 1641.96 223
 4   20682     1.3   0.0191447  0.0191447  0.1154  0.895917  0.35275  0.341504  1.72836  1.38685 1641.96 0
 5   27890     1.8   0.0191447  0.0191447  0.1154  0.895917  0.35275  0.341504  1.72836  1.38685 1641.96 2757
 5   27890     1.8   0.0191447  0.0191447  0.1154  0.895917  0.35275  0.341504  1.72836  1.38685 1641.96 0
 5   29661     1.9   0.0191447  0.0191447  0.1154  0.895917  0.35275  0.341504  1.72836  1.38685 1641.96 683
 5   29661     1.9   0.0191447  0.0191447  0.1154  0.895917  0.35275  0.341504  1.72836  1.38685 1641.96 0
 5   29906     1.9   0.0191447  0.0191447  0.1154  0.895917  0.35275  0.341504  1.72836  1.38685 1641.96 83
 5   29906     1.9   0.0191447  0.0191447  0.1154  0.895917  0.35275  0.341504  1.72836  1.38685 1641.96 0
 6   33515     2.1   0.0191447  0.0191447  0.1154  0.895917  0.35275  0.341504  1.72836  1.38685 1641.96 1402
 6   33515     2.1   0.0191447  0.0191447  0.1154  0.895917  0.35275  0.341504  1.72836  1.38685 1641.96 0
 8   40033     2.6   0.0191447  0.0191447  0.1154  0.895917  0.35275  0.341504  1.72836  1.38685 1641.96 2486
 8   40033     2.6   0.0191447  0.0191447  0.1154  0.895917  0.35275  0.341504  1.72836  1.38685 1641.96 0
 9   49161     3.2   0.0191447  0.0191447  0.1154  0.895917  0.35275  0.341504  1.72836  1.38685 1641.96 3600
 9   49161     3.2   0.0191447  0.0191447  0.1154  0.895917  0.35275  0.341504  1.72836  1.38685 1641.96 0
11   55000     3.5   0.0191447  0.0191447  0.1154  0.895917  0.35275  0.341504  1.72836  1.38685 1641.96 2252
11   55199     3.5   0.0191447  0.0191447  0.1154  0.895917  0.35275  0.341504  1.72836  1.38685 1641.96 2333
11   55199     3.5   0.0191447  0.0191447  0.1154  0.895917  0.35275  0.341504  1.72836  1.38685 1641.96 0
13   66936     4.3   0.0191447  0.0191447  0.1154  0.895917  0.35275  0.341504  1.72836  1.38685 1641.96 4416
13   66936     4.3   0.0207484  0.0207484  0.1923  0.88181  0.213952  0.514577  1.30692  0.792338 1671.76 0
15   75148     4.8   0.0207484  0.0207484  0.1923  0.88181  0.213952  0.514577  1.30692  0.792338 1671.76 3111
15   75148     4.8   0.0207484  0.0207484  0.1923  0.88181  0.213952  0.514577  1.30692  0.792338 1671.76 0
15   75375     4.8   0.0207484  0.0207484  0.1923  0.88181  0.213952  0.514577  1.30692  0.792338 1671.76 102
15   75375     4.8   0.0214218  0.0214218  0.0769  0.925527  0.252812  0.48673  1.49541  1.00868 1653.32 0
21  109483     7.0   0.0214218  0.0214218  0.0769  0.925527  0.252812  0.48673  1.49541  1.00868 1653.32 13030
21  109483     7.0   0.0214218  0.0214218  0.0769  0.925527  0.252812  0.48673  1.49541  1.00868 1653.32 0
22  110000     7.1   0.0214218  0.0214218  0.0769  0.925527  0.252812  0.48673  1.49541  1.00868 1653.32 216
22  110265     7.1   0.0214218  0.0214218  0.0769  0.925527  0.252812  0.48673  1.49541  1.00868 1653.32 320
22  110265     7.1   0.0214218  0.0214218  0.0769  0.925527  0.252812  0.48673  1.49541  1.00868 1653.32 0
29  147861     9.4   0.0214218  0.0214218  0.0769  0.925527  0.252812  0.48673  1.49541  1.00868 1653.32 14330
29  147861     9.4   0.0214218  0.0214218  0.0769  0.925527  0.252812  0.48673  1.49541  1.00868 1653.32 0
33  165000    10.5   0.0214218  0.0214218  0.0769  0.925527  0.252812  0.48673  1.49541  1.00868 1653.32 6538
41  208565    13.2   0.0214218  0.0214218  0.0769  0.925527  0.252812  0.48673  1.49541  1.00868 1653.32 22998
41  208565    13.2   0.0214218  0.0214218  0.0769  0.925527  0.252812  0.48673  1.49541  1.00868 1653.32 0
41  208594    13.2   0.0214218  0.0214218  0.0769  0.925527  0.252812  0.48673  1.49541  1.00868 1653.32 7
41  208594    13.2   0.0214218  0.0214218  0.0769  0.925527  0.252812  0.48673  1.49541  1.00868 1653.32 0
43  216843    13.7   0.0214218  0.0214218  0.0769  0.925527  0.252812  0.48673  1.49541  1.00868 1653.32 3214
43  216843    13.7   0.0214218  0.0214218  0.0769  0.925527  0.252812  0.48673  1.49541  1.00868 1653.32 0
44  220001    13.9   0.0214218  0.0214218  0.0769  0.925527  0.252812  0.48673  1.49541  1.00868 1653.32 1216
47  235177    14.8   0.0214218  0.0214218  0.0769  0.925527  0.252812  0.48673  1.49541  1.00868 1653.32 7038
47  235177    14.8   0.0908572  0.0908572  0.1923  inf  -nan  -0.015625  inf  inf 1659.47 0
49  248144    15.6   0.0908572  0.0908572  0.1923  inf  -nan  -0.015625  inf  inf 1659.47 4936
49  248144    15.6   0.0908572  0.0908572  0.1923  inf  -nan  -0.015625  inf  inf 1659.47 0
49  248825    15.7   0.0908572  0.0908572  0.1923  inf  -nan  -0.015625  inf  inf 1659.47 263
49  248825    15.7   0.0908572  0.0908572  0.1923  inf  -nan  -0.015625  inf  inf 1659.47 0
50  254233    16.0   0.0908572  0.0908572  0.1923  inf  -nan  -0.015625  inf  inf 1659.47 2040
50  254233    16.0   0.0908572  0.0908572  0.1923  inf  -nan  -0.015625  inf  inf 1659.47 0
55  275004    17.3   0.0908572  0.0908572  0.1923  inf  -nan  -0.015625  inf  inf 1659.47 7950
66  330001    20.8   0.0908572  0.0908572  0.1923  inf  -nan  -0.015625  inf  inf 1659.47 28972
77  385006    24.3   0.0908572  0.0908572  0.1923  inf  -nan  -0.015625  inf  inf 1659.47 49832
88  440002    27.7   0.0908572  0.0908572  0.1923  inf  -nan  -0.015625  inf  inf 1659.47 71000
95  477320    30.1   0.0908572  0.0908572  0.1923  inf  -nan  -0.015625  inf  inf 1659.47 85148
95  477320    30.1   0.0908572  0.0908572  0.1923  inf  -nan  -0.015625  inf  inf 1659.47 0
99  495001    31.2   0.0908572  0.0908572  0.1923  inf  -nan  -0.015625  inf  inf 1659.47 6649
99  500000    31.5   0.0908572  0.0908572  0.1923  inf  -nan  -0.015625  inf  inf 1659.47 8540
EndUpdateLog

Done
