optseq2
$Id: optseq2.c,v 2.14 2008/03/10 13:35:23 nicks Exp $
NoSearch  = 0
nSearch  = 250000
nKeep    = 6
PctUpdate  = 10.000000
nCB1Opt  = 0
seed     = 414939
Ntp  = 150
TR   = 1.5
TPreScan   = -6
PSD Window   = 0 20 0.5
nEvTypes = 2
EvNo    Label Duration nRepsNom
 1        WIN  6.000   13
 2       LOSS  6.000   13
PctVarEvReps = 0
VarEvRepsPerCond = 0
PolyOrder = -1
tNullMax = 3.5
tNullMin = 1.5
AR1 = 0
No refractory penalty
Cost = eff
OutStem = /dfs2/yassalab/rjirsara/ConteCenter/ConteCenterScripts/fMRItasks/Conte-Two/optseq/Doors
Summary File = /dfs2/yassalab/rjirsara/ConteCenter/ConteCenterScripts/fMRItasks/Conte-Two/optseq/Doors.sum

Pct nSrch MinSrch Cost Eff Cb1Err VRFAvg VRFStd VRFMin VRFMax VRFRange nSince

BeginUpdateLog
 0      12     0.0   0.02044  0.02044  0.1154  1.1704  0.646908  0.362444  2.33926  1.97682 1652.19 0
 0      22     0.0   0.0253346  0.0253346  0.2692  1.21677  0.448287  0.453604  2.07689  1.62328 1628.14 0
 0      22     0.0   0.0253346  0.0253346  0.2692  1.21677  0.448287  0.453604  2.07689  1.62328 1628.14 0
 0      23     0.0   0.0253346  0.0253346  0.2692  1.21677  0.448287  0.453604  2.07689  1.62328 1628.14 0
 0      23     0.0   0.0255637  0.0255637  0.1923  1.1679  0.406382  0.522536  1.95516  1.43263 1633.66 0
 0      27     0.0   0.0255637  0.0255637  0.1923  1.1679  0.406382  0.522536  1.95516  1.43263 1633.66 0
 0      27     0.0   0.0255637  0.0255637  0.1923  1.1679  0.406382  0.522536  1.95516  1.43263 1633.66 0
 0      50     0.0   0.0255637  0.0255637  0.1923  1.1679  0.406382  0.522536  1.95516  1.43263 1633.66 2
 0      50     0.0   0.0290915  0.0290915  0.3462  1.25413  0.345154  0.639506  1.9059  1.2664 1595.11 0
 0      58     0.0   0.0290915  0.0290915  0.3462  1.25413  0.345154  0.639506  1.9059  1.2664 1595.11 2
 0      58     0.0   0.0290915  0.0290915  0.3462  1.25413  0.345154  0.639506  1.9059  1.2664 1595.11 0
 0      60     0.0   0.0290915  0.0290915  0.3462  1.25413  0.345154  0.639506  1.9059  1.2664 1595.11 0
 0      60     0.0   0.0290915  0.0290915  0.3462  1.25413  0.345154  0.639506  1.9059  1.2664 1595.11 0
 0      67     0.0   0.0290915  0.0290915  0.3462  1.25413  0.345154  0.639506  1.9059  1.2664 1595.11 3
 0      67     0.0   0.0290915  0.0290915  0.3462  1.25413  0.345154  0.639506  1.9059  1.2664 1595.11 0
 0      69     0.0   0.0290915  0.0290915  0.3462  1.25413  0.345154  0.639506  1.9059  1.2664 1595.11 0
 0      69     0.0   0.0290915  0.0290915  0.3462  1.25413  0.345154  0.639506  1.9059  1.2664 1595.11 0
 0      70     0.0   0.0290915  0.0290915  0.3462  1.25413  0.345154  0.639506  1.9059  1.2664 1595.11 0
 0      70     0.0   0.0290915  0.0290915  0.3462  1.25413  0.345154  0.639506  1.9059  1.2664 1595.11 0
 0      74     0.0   0.0290915  0.0290915  0.3462  1.25413  0.345154  0.639506  1.9059  1.2664 1595.11 1
 0      74     0.0   0.0290915  0.0290915  0.3462  1.25413  0.345154  0.639506  1.9059  1.2664 1595.11 0
 0      75     0.0   0.0290915  0.0290915  0.3462  1.25413  0.345154  0.639506  1.9059  1.2664 1595.11 0
 0      75     0.0   0.0294005  0.0294005  0.1154  1.30292  0.408976  0.556284  2.20433  1.64805 1649.7 0
 0      77     0.0   0.0294005  0.0294005  0.1154  1.30292  0.408976  0.556284  2.20433  1.64805 1649.7 1
 0      77     0.0   0.0294005  0.0294005  0.1154  1.30292  0.408976  0.556284  2.20433  1.64805 1649.7 0
 0     100     0.0   0.0294005  0.0294005  0.1154  1.30292  0.408976  0.556284  2.20433  1.64805 1649.7 10
 0     100     0.0   0.03071  0.03071  0.1154  1.268  0.221216  0.821142  1.63314  0.812003 1670.72 0
 0     107     0.0   0.03071  0.03071  0.1154  1.268  0.221216  0.821142  1.63314  0.812003 1670.72 2
 0     107     0.0   0.0322797  0.0322797  0.1154  1.34026  0.236184  0.718935  1.86295  1.14401 1670.21 0
 0     136     0.0   0.0322797  0.0322797  0.1154  1.34026  0.236184  0.718935  1.86295  1.14401 1670.21 9
 0     136     0.0   0.0322797  0.0322797  0.1154  1.34026  0.236184  0.718935  1.86295  1.14401 1670.21 0
 0     165     0.0   0.0322797  0.0322797  0.1154  1.34026  0.236184  0.718935  1.86295  1.14401 1670.21 12
 0     165     0.0   0.0322797  0.0322797  0.1154  1.34026  0.236184  0.718935  1.86295  1.14401 1670.21 0
 0     179     0.0   0.0322797  0.0322797  0.1154  1.34026  0.236184  0.718935  1.86295  1.14401 1670.21 3
 0     179     0.0   0.0322797  0.0322797  0.1154  1.34026  0.236184  0.718935  1.86295  1.14401 1670.21 0
 0     186     0.0   0.0322797  0.0322797  0.1154  1.34026  0.236184  0.718935  1.86295  1.14401 1670.21 1
 0     186     0.0   0.0322797  0.0322797  0.1154  1.34026  0.236184  0.718935  1.86295  1.14401 1670.21 0
 0     209     0.0   0.0322797  0.0322797  0.1154  1.34026  0.236184  0.718935  1.86295  1.14401 1670.21 7
 0     209     0.0   0.0322797  0.0322797  0.1154  1.34026  0.236184  0.718935  1.86295  1.14401 1670.21 0
 0     225     0.0   0.0322797  0.0322797  0.1154  1.34026  0.236184  0.718935  1.86295  1.14401 1670.21 7
 0     225     0.0   0.0322797  0.0322797  0.1154  1.34026  0.236184  0.718935  1.86295  1.14401 1670.21 0
 0     233     0.0   0.0322797  0.0322797  0.1154  1.34026  0.236184  0.718935  1.86295  1.14401 1670.21 3
 0     233     0.0   0.0322797  0.0322797  0.1154  1.34026  0.236184  0.718935  1.86295  1.14401 1670.21 0
 0     329     0.0   0.0322797  0.0322797  0.1154  1.34026  0.236184  0.718935  1.86295  1.14401 1670.21 30
 0     329     0.0   0.0322797  0.0322797  0.1154  1.34026  0.236184  0.718935  1.86295  1.14401 1670.21 0
 0     356     0.0   0.0322797  0.0322797  0.1154  1.34026  0.236184  0.718935  1.86295  1.14401 1670.21 10
 0     356     0.0   0.0332443  0.0332443  0.1923  1.39577  0.299069  0.80671  2.03007  1.22336 1644.69 0
 0     366     0.0   0.0332443  0.0332443  0.1923  1.39577  0.299069  0.80671  2.03007  1.22336 1644.69 2
 0     366     0.0   0.0332443  0.0332443  0.1923  1.39577  0.299069  0.80671  2.03007  1.22336 1644.69 0
 0     445     0.0   0.0332443  0.0332443  0.1923  1.39577  0.299069  0.80671  2.03007  1.22336 1644.69 30
 0     445     0.0   0.0332443  0.0332443  0.1923  1.39577  0.299069  0.80671  2.03007  1.22336 1644.69 0
 0     539     0.0   0.0332443  0.0332443  0.1923  1.39577  0.299069  0.80671  2.03007  1.22336 1644.69 28
 0     539     0.0   0.0332443  0.0332443  0.1923  1.39577  0.299069  0.80671  2.03007  1.22336 1644.69 0
 0     551     0.0   0.0332443  0.0332443  0.1923  1.39577  0.299069  0.80671  2.03007  1.22336 1644.69 4
 0     551     0.0   0.0332443  0.0332443  0.1923  1.39577  0.299069  0.80671  2.03007  1.22336 1644.69 0
 0     758     0.1   0.0332443  0.0332443  0.1923  1.39577  0.299069  0.80671  2.03007  1.22336 1644.69 77
 0     758     0.1   0.0332443  0.0332443  0.1923  1.39577  0.299069  0.80671  2.03007  1.22336 1644.69 0
 0     774     0.1   0.0332443  0.0332443  0.1923  1.39577  0.299069  0.80671  2.03007  1.22336 1644.69 6
 0     774     0.1   0.0334195  0.0334195  0.1923  1.43055  0.391058  0.918876  2.26311  1.34423 1608.63 0
 0     852     0.1   0.0334195  0.0334195  0.1923  1.43055  0.391058  0.918876  2.26311  1.34423 1608.63 29
 0     852     0.1   0.0334195  0.0334195  0.1923  1.43055  0.391058  0.918876  2.26311  1.34423 1608.63 0
 0    1209     0.1   0.0334195  0.0334195  0.1923  1.43055  0.391058  0.918876  2.26311  1.34423 1608.63 136
 0    1209     0.1   0.0334195  0.0334195  0.1923  1.43055  0.391058  0.918876  2.26311  1.34423 1608.63 0
 0    1527     0.1   0.0334195  0.0334195  0.1923  1.43055  0.391058  0.918876  2.26311  1.34423 1608.63 109
 0    1527     0.1   0.0334195  0.0334195  0.1923  1.43055  0.391058  0.918876  2.26311  1.34423 1608.63 0
 0    2435     0.2   0.0334195  0.0334195  0.1923  1.43055  0.391058  0.918876  2.26311  1.34423 1608.63 337
 0    2435     0.2   0.0340513  0.0340513  0.0769  1.4083  0.249424  0.900235  1.82004  0.919802 1619.65 0
 1    2576     0.2   0.0340513  0.0340513  0.0769  1.4083  0.249424  0.900235  1.82004  0.919802 1619.65 49
 1    2576     0.2   0.0353463  0.0353463  0.1923  1.45614  0.265497  1.10056  2.09967  0.999116 1610.63 0
 1    2961     0.2   0.0353463  0.0353463  0.1923  1.45614  0.265497  1.10056  2.09967  0.999116 1610.63 149
 1    2961     0.2   0.0353463  0.0353463  0.1923  1.45614  0.265497  1.10056  2.09967  0.999116 1610.63 0
 1    3241     0.2   0.0353463  0.0353463  0.1923  1.45614  0.265497  1.10056  2.09967  0.999116 1610.63 100
 1    3241     0.2   0.0353463  0.0353463  0.1923  1.45614  0.265497  1.10056  2.09967  0.999116 1610.63 0
 1    4464     0.3   0.0353463  0.0353463  0.1923  1.45614  0.265497  1.10056  2.09967  0.999116 1610.63 447
 1    4464     0.3   0.0353463  0.0353463  0.1923  1.45614  0.265497  1.10056  2.09967  0.999116 1610.63 0
 1    4533     0.3   0.0353463  0.0353463  0.1923  1.45614  0.265497  1.10056  2.09967  0.999116 1610.63 22
 1    4533     0.3   0.0353463  0.0353463  0.1923  1.45614  0.265497  1.10056  2.09967  0.999116 1610.63 0
 2    5820     0.4   0.0353463  0.0353463  0.1923  1.45614  0.265497  1.10056  2.09967  0.999116 1610.63 477
 2    5820     0.4   0.0353463  0.0353463  0.1923  1.45614  0.265497  1.10056  2.09967  0.999116 1610.63 0
 2    6759     0.5   0.0353463  0.0353463  0.1923  1.45614  0.265497  1.10056  2.09967  0.999116 1610.63 366
 2    6759     0.5   0.0353463  0.0353463  0.1923  1.45614  0.265497  1.10056  2.09967  0.999116 1610.63 0
 2    7437     0.6   0.0353463  0.0353463  0.1923  1.45614  0.265497  1.10056  2.09967  0.999116 1610.63 258
 2    7437     0.6   0.0353463  0.0353463  0.1923  1.45614  0.265497  1.10056  2.09967  0.999116 1610.63 0
 3    8987     0.7   0.0353463  0.0353463  0.1923  1.45614  0.265497  1.10056  2.09967  0.999116 1610.63 552
 3    8987     0.7   0.0353463  0.0353463  0.1923  1.45614  0.265497  1.10056  2.09967  0.999116 1610.63 0
 3    9141     0.7   0.0353463  0.0353463  0.1923  1.45614  0.265497  1.10056  2.09967  0.999116 1610.63 62
 3    9141     0.7   0.0353463  0.0353463  0.1923  1.45614  0.265497  1.10056  2.09967  0.999116 1610.63 0
 4   11147     0.9   0.0353463  0.0353463  0.1923  1.45614  0.265497  1.10056  2.09967  0.999116 1610.63 751
 4   11147     0.9   0.0375407  0.0375407  0.0769  1.57543  0.334435  0.913931  2.18544  1.27151 1616.13 0
 4   11846     0.9   0.0375407  0.0375407  0.0769  1.57543  0.334435  0.913931  2.18544  1.27151 1616.13 287
 4   11846     0.9   0.0375407  0.0375407  0.0769  1.57543  0.334435  0.913931  2.18544  1.27151 1616.13 0
 5   14046     1.1   0.0375407  0.0375407  0.0769  1.57543  0.334435  0.913931  2.18544  1.27151 1616.13 842
 5   14046     1.1   0.0375407  0.0375407  0.0769  1.57543  0.334435  0.913931  2.18544  1.27151 1616.13 0
 5   14066     1.1   0.0375407  0.0375407  0.0769  1.57543  0.334435  0.913931  2.18544  1.27151 1616.13 6
 5   14066     1.1   0.0375407  0.0375407  0.0769  1.57543  0.334435  0.913931  2.18544  1.27151 1616.13 0
 6   15003     1.2   0.0375407  0.0375407  0.0769  1.57543  0.334435  0.913931  2.18544  1.27151 1616.13 325
 6   15003     1.2   0.0375407  0.0375407  0.0769  1.57543  0.334435  0.913931  2.18544  1.27151 1616.13 0
 6   15268     1.2   0.0375407  0.0375407  0.0769  1.57543  0.334435  0.913931  2.18544  1.27151 1616.13 92
 6   15268     1.2   0.0375407  0.0375407  0.0769  1.57543  0.334435  0.913931  2.18544  1.27151 1616.13 0
 6   15615     1.2   0.0375407  0.0375407  0.0769  1.57543  0.334435  0.913931  2.18544  1.27151 1616.13 124
 6   15615     1.2   0.0375407  0.0375407  0.0769  1.57543  0.334435  0.913931  2.18544  1.27151 1616.13 0
 6   16858     1.3   0.0375407  0.0375407  0.0769  1.57543  0.334435  0.913931  2.18544  1.27151 1616.13 468
 6   16858     1.3   0.0375407  0.0375407  0.0769  1.57543  0.334435  0.913931  2.18544  1.27151 1616.13 0
 6   17471     1.4   0.0375407  0.0375407  0.0769  1.57543  0.334435  0.913931  2.18544  1.27151 1616.13 225
 6   17471     1.4   0.0375407  0.0375407  0.0769  1.57543  0.334435  0.913931  2.18544  1.27151 1616.13 0
 8   21218     1.7   0.0375407  0.0375407  0.0769  1.57543  0.334435  0.913931  2.18544  1.27151 1616.13 1383
 8   21218     1.7   0.0375407  0.0375407  0.0769  1.57543  0.334435  0.913931  2.18544  1.27151 1616.13 0
 9   23918     1.9   0.0375407  0.0375407  0.0769  1.57543  0.334435  0.913931  2.18544  1.27151 1616.13 1025
 9   23918     1.9   0.0375407  0.0375407  0.0769  1.57543  0.334435  0.913931  2.18544  1.27151 1616.13 0
11   27500     2.1   0.0375407  0.0375407  0.0769  1.57543  0.334435  0.913931  2.18544  1.27151 1616.13 1311
14   36733     2.9   0.0375407  0.0375407  0.0769  1.57543  0.334435  0.913931  2.18544  1.27151 1616.13 4875
14   36733     2.9   0.0375407  0.0375407  0.0769  1.57543  0.334435  0.913931  2.18544  1.27151 1616.13 0
19   49281     3.9   0.0375407  0.0375407  0.0769  1.57543  0.334435  0.913931  2.18544  1.27151 1616.13 4750
19   49281     3.9   0.0375407  0.0375407  0.0769  1.57543  0.334435  0.913931  2.18544  1.27151 1616.13 0
22   55000     4.3   0.0375407  0.0375407  0.0769  1.57543  0.334435  0.913931  2.18544  1.27151 1616.13 2093
22   55266     4.3   0.0375407  0.0375407  0.0769  1.57543  0.334435  0.913931  2.18544  1.27151 1616.13 2187
22   55266     4.3   0.0375407  0.0375407  0.0769  1.57543  0.334435  0.913931  2.18544  1.27151 1616.13 0
26   66457     5.2   0.0375407  0.0375407  0.0769  1.57543  0.334435  0.913931  2.18544  1.27151 1616.13 4208
26   66457     5.2   0.0393953  0.0393953  0.1154  1.63286  0.317489  1.05993  2.18852  1.12859 1619.16 0
33   82500     6.5   0.0393953  0.0393953  0.1154  1.63286  0.317489  1.05993  2.18852  1.12859 1619.16 6095
44  110000     8.6   0.0393953  0.0393953  0.1154  1.63286  0.317489  1.05993  2.18852  1.12859 1619.16 16200
50  125142     9.8   0.0393953  0.0393953  0.1154  1.63286  0.317489  1.05993  2.18852  1.12859 1619.16 21780
50  125142     9.8   0.0393953  0.0393953  0.1154  1.63286  0.317489  1.05993  2.18852  1.12859 1619.16 0
50  126567     9.9   0.0393953  0.0393953  0.1154  1.63286  0.317489  1.05993  2.18852  1.12859 1619.16 513
50  126567     9.9   0.0393953  0.0393953  0.1154  1.63286  0.317489  1.05993  2.18852  1.12859 1619.16 0
52  130336    10.2   0.0393953  0.0393953  0.1154  1.63286  0.317489  1.05993  2.18852  1.12859 1619.16 1382
52  130336    10.2   0.0393953  0.0393953  0.1154  1.63286  0.317489  1.05993  2.18852  1.12859 1619.16 0
55  137501    10.7   0.0393953  0.0393953  0.1154  1.63286  0.317489  1.05993  2.18852  1.12859 1619.16 2669
64  160537    12.4   0.0393953  0.0393953  0.1154  1.63286  0.317489  1.05993  2.18852  1.12859 1619.16 11268
64  160537    12.4   0.0393953  0.0393953  0.1154  1.63286  0.317489  1.05993  2.18852  1.12859 1619.16 0
66  165000    12.8   0.0393953  0.0393953  0.1154  1.63286  0.317489  1.05993  2.18852  1.12859 1619.16 1606
66  165559    12.8   0.0393953  0.0393953  0.1154  1.63286  0.317489  1.05993  2.18852  1.12859 1619.16 1797
66  165559    12.8   0.0393953  0.0393953  0.1154  1.63286  0.317489  1.05993  2.18852  1.12859 1619.16 0
70  176715    13.7   0.0393953  0.0393953  0.1154  1.63286  0.317489  1.05993  2.18852  1.12859 1619.16 4109
70  176715    13.7   0.0393953  0.0393953  0.1154  1.63286  0.317489  1.05993  2.18852  1.12859 1619.16 0
77  192500    14.9   0.0393953  0.0393953  0.1154  1.63286  0.317489  1.05993  2.18852  1.12859 1619.16 5990
79  197610    15.3   0.0393953  0.0393953  0.1154  1.63286  0.317489  1.05993  2.18852  1.12859 1619.16 7841
79  197610    15.3   0.0393953  0.0393953  0.1154  1.63286  0.317489  1.05993  2.18852  1.12859 1619.16 0
80  201258    15.6   0.0393953  0.0393953  0.1154  1.63286  0.317489  1.05993  2.18852  1.12859 1619.16 1391
80  201258    15.6   0.0393953  0.0393953  0.1154  1.63286  0.317489  1.05993  2.18852  1.12859 1619.16 0
88  220002    17.1   0.0393953  0.0393953  0.1154  1.63286  0.317489  1.05993  2.18852  1.12859 1619.16 7055
99  247500    19.2   0.0393953  0.0393953  0.1154  1.63286  0.317489  1.05993  2.18852  1.12859 1619.16 17305
99  250000    19.4   0.0393953  0.0393953  0.1154  1.63286  0.317489  1.05993  2.18852  1.12859 1619.16 18274
EndUpdateLog

Done
